*** Starting uWSGI 2.0.19.1 (64bit) on [Thu Sep 17 17:22:38 2020] ***
compiled with version: 4.8.5 20150623 (Red Hat 4.8.5-39) on 17 September 2020 08:10:52
os: Linux-3.10.0-862.3.2.el7.x86_64 #1 SMP Mon May 21 23:36:36 UTC 2018
nodename: ip-172-31-27-105.cn-north-1.compute.internal
machine: x86_64
clock source: unix
pcre jit disabled
detected number of CPU cores: 4
current working directory: /home/ec2-user/python/hch_softwareapi
writing pidfile to uwsgi.pid
detected binary path: /opt/python36/bin/uwsgi
chdir() to /home/ec2-user/python/hch_softwareapi
your processes number limit is 4096
your memory page size is 4096 bytes
detected max file descriptor number: 1024
lock engine: pthread robust mutexes
thunder lock: disabled (you can enable it with --thunder-lock)
bind(): Cannot assign requested address [core/socket.c line 769]
*** Starting uWSGI 2.0.19.1 (64bit) on [Thu Sep 17 17:23:53 2020] ***
compiled with version: 4.8.5 20150623 (Red Hat 4.8.5-39) on 17 September 2020 08:10:52
os: Linux-3.10.0-862.3.2.el7.x86_64 #1 SMP Mon May 21 23:36:36 UTC 2018
nodename: ip-172-31-27-105.cn-north-1.compute.internal
machine: x86_64
clock source: unix
pcre jit disabled
detected number of CPU cores: 4
current working directory: /home/ec2-user/python/hch_softwareapi
writing pidfile to uwsgi.pid
detected binary path: /opt/python36/bin/uwsgi
chdir() to /home/ec2-user/python/hch_softwareapi
your processes number limit is 4096
your memory page size is 4096 bytes
detected max file descriptor number: 1024
lock engine: pthread robust mutexes
thunder lock: disabled (you can enable it with --thunder-lock)
bind(): Cannot assign requested address [core/socket.c line 769]
*** Starting uWSGI 2.0.19.1 (64bit) on [Thu Sep 17 17:23:56 2020] ***
compiled with version: 4.8.5 20150623 (Red Hat 4.8.5-39) on 17 September 2020 08:10:52
os: Linux-3.10.0-862.3.2.el7.x86_64 #1 SMP Mon May 21 23:36:36 UTC 2018
nodename: ip-172-31-27-105.cn-north-1.compute.internal
machine: x86_64
clock source: unix
pcre jit disabled
detected number of CPU cores: 4
current working directory: /home/ec2-user/python/hch_softwareapi
writing pidfile to uwsgi.pid
detected binary path: /opt/python36/bin/uwsgi
chdir() to /home/ec2-user/python/hch_softwareapi
your processes number limit is 4096
your memory page size is 4096 bytes
detected max file descriptor number: 1024
lock engine: pthread robust mutexes
thunder lock: disabled (you can enable it with --thunder-lock)
bind(): Cannot assign requested address [core/socket.c line 769]
